Change Component Designator: Old Designator=C? New Designator=C11
Change Component Designator: Old Designator=C? New Designator=C12
Change Component Designator: Old Designator=C? New Designator=C13
Change Component Designator: Old Designator=C? New Designator=C14
Change Component Designator: Old Designator=C? New Designator=C15
Change Component Designator: Old Designator=C? New Designator=C16
Change Component Designator: Old Designator=C? New Designator=C17
Change Component Designator: Old Designator=C? New Designator=C18
Change Component Designator: Old Designator=C? New Designator=C19
Change Component Designator: Old Designator=C? New Designator=C20
Change Component Designator: Old Designator=DS? New Designator=DS2
Change Component Designator: Old Designator=J? New Designator=J2
Change Component Designator: Old Designator=P? New Designator=P3
Change Component Designator: Old Designator=P? New Designator=P4
Change Component Designator: Old Designator=R? New Designator=R4
Change Component Designator: Old Designator=R? New Designator=R5
Change Component Designator: Old Designator=R? New Designator=R6
Change Component Designator: Old Designator=SW? New Designator=SW26
Change Component Designator: Old Designator=SW? New Designator=SW27
Change Component Designator: Old Designator=SW? New Designator=SW28
Change Component Designator: Old Designator=SW? New Designator=SW29
Change Component Designator: Old Designator=SW? New Designator=SW30
Change Component Designator: Old Designator=SW? New Designator=SW31
Change Component Designator: Old Designator=SW? New Designator=SW32
Change Component Designator: Old Designator=SW? New Designator=SW33
Change Component Designator: Old Designator=SW? New Designator=SW34
Change Component Designator: Old Designator=SW? New Designator=SW35
Change Component Designator: Old Designator=SW? New Designator=SW36
Change Component Designator: Old Designator=SW? New Designator=SW37
Change Component Designator: Old Designator=SW? New Designator=SW38
Change Component Designator: Old Designator=SW? New Designator=SW39
Change Component Designator: Old Designator=SW? New Designator=SW40
Change Component Designator: Old Designator=SW? New Designator=SW41
Change Component Designator: Old Designator=SW? New Designator=SW42
Change Component Designator: Old Designator=SW? New Designator=SW43
Change Component Designator: Old Designator=SW? New Designator=SW44
Change Component Designator: Old Designator=SW? New Designator=SW45
Change Component Designator: Old Designator=SW? New Designator=SW46
Change Component Designator: Old Designator=SW? New Designator=SW47
Change Component Designator: Old Designator=SW? New Designator=SW48
Change Component Designator: Old Designator=SW? New Designator=SW49
Change Component Designator: Old Designator=SW? New Designator=SW50
Change Component Designator: Old Designator=U? New Designator=U3
Change Component Designator: Old Designator=U? New Designator=U4
Change Component Designator: Old Designator=U? New Designator=U4
Change Component Designator: Old Designator=Y? New Designator=Y2
