Removed Pin From Net: NetName=D+ Pin=C1-2
Removed Pin From Net: NetName=D+ Pin=C11-2
Removed Pin From Net: NetName=D+ Pin=J2-1
Removed Pin From Net: NetName=D+ Pin=J2-2
Removed Pin From Net: NetName=D+ Pin=U3-3
Removed Pin From Net: NetName=D+ Pin=U4-45
Add component: Footprint Not Found TYPE-C-16POS
Add component: Footprint Not Found RES-SMD-0603
Add component: Footprint Not Found RES-SMD-0603
Add Pin To Net: Unknown Pin: Pin J1-A1_B12
Add Pin To Net: Unknown Pin: Pin J1-A5
Add Pin To Net: Unknown Pin: Pin J1-A6
Add Pin To Net: Unknown Pin: Pin J1-A7
Add Pin To Net: Unknown Pin: Pin J1-A12_B1
Add Pin To Net: Unknown Pin: Pin J1-B5
Add Pin To Net: Unknown Pin: Pin J1-B6
Add Pin To Net: Unknown Pin: Pin J1-B7
Add Pin To Net: Unknown Pin: Pin R1-1
Add Pin To Net: Unknown Pin: Pin R1-2
Add Pin To Net: Unknown Pin: Pin R2-1
Add Pin To Net: Unknown Pin: Pin R2-2
Added Pin To Net: NetName=D- Pin=J2-2
Added Pin To Net: NetName=D- Pin=U4-45
Added Net: Name=D-
Added Pin To Net: NetName=VBUS Pin=C1-2
Added Pin To Net: NetName=VBUS Pin=C11-2
Added Pin To Net: NetName=VBUS Pin=J2-1
Added Pin To Net: NetName=VBUS Pin=U3-3
Added Net: Name=VBUS
Add Class Member: Failed to add class member : Component J1 USB Type-C
Add Class Member: Failed to add class member : Component R1 5.1K
Add Class Member: Failed to add class member : Component R2 5.1K
Added Rule: Name=Schematic Supply Nets_3
